<?xml version="1.0" encoding="UTF-8"?>
<!-- Generated by org.testng.reporters.JUnitXMLReporter -->
<testsuite ignored="3" hostname="LAPTOP-TEN9HRQ0" failures="1" tests="2" name="Default test(failed)" time="63.237" errors="0" timestamp="2025-03-12T01:18:05 IST">
  <testcase classname="com.iomovo.dashboardtests.LoginPageTest" name="multipleLoginScenariosTest" time="15.247">
    <failure type="java.lang.AssertionError" message="expected [true] but found [false]">
      <![CDATA[java.lang.AssertionError: expected [true] but found [false]
at com.iomovo.pagespackage.DashboardFunctionality.LoginPage.VerifyUserAbleToLoginWithBothCorrectEmailIDAndPasswordTest(LoginPage.java:332)
at com.iomovo.dashboardtests.LoginPageTest.multipleLoginScenariosTest(LoginPageTest.java:75)
at java.base/java.util.ArrayList.forEach(ArrayList.java:1596)
... Removed 29 stack frames]]>
    </failure>
  </testcase> <!-- multipleLoginScenariosTest -->
  <testcase classname="com.iomovo.dashboardtests.LoginPageTest" name="verifyPrivacyPolicyPageRedirectionTest" time="16.215"/>
  <testcase classname="com.iomovo.dashboardtests.LoginPageTest" name="LoginTest" time="0.0">
    <ignored/>
  </testcase> <!-- LoginTest -->
  <testcase classname="com.iomovo.dashboardtests.LoginPageTest" name="verifyAllElementsArePresentInLoginPageTest" time="0.0">
    <ignored/>
  </testcase> <!-- verifyAllElementsArePresentInLoginPageTest -->
  <testcase classname="com.iomovo.dashboardtests.LoginPageTest" name="verifyTermsPageRedirectionTest" time="0.0">
    <ignored/>
  </testcase> <!-- verifyTermsPageRedirectionTest -->
</testsuite> <!-- Default test(failed) -->
