<?xml version="1.0" encoding="UTF-8"?>
<!-- Generated by org.testng.reporters.JUnitXMLReporter -->
<testsuite ignored="4" hostname="LAPTOP-TEN9HRQ0" failures="0" tests="1" name="Default test" time="26.909" errors="0" timestamp="2025-03-19T03:33:00 IST">
  <testcase classname="com.iomovo.dashboardtests.LoginPageTest" name="verifyAllElementsArePresentInLoginPageTest" time="21.848"/>
  <testcase classname="com.iomovo.dashboardtests.LoginPageTest" name="verifyPrivacyPolicyPageRedirectionTest" time="0.0">
    <ignored/>
  </testcase> <!-- verifyPrivacyPolicyPageRedirectionTest -->
  <testcase classname="com.iomovo.dashboardtests.LoginPageTest" name="verifyTermsPageRedirectionTest" time="0.0">
    <ignored/>
  </testcase> <!-- verifyTermsPageRedirectionTest -->
  <testcase classname="com.iomovo.dashboardtests.LoginPageTest" name="loginTest" time="0.0">
    <ignored/>
  </testcase> <!-- loginTest -->
  <testcase classname="com.iomovo.dashboardtests.LoginPageTest" name="multipleLoginScenariosTest" time="0.0">
    <ignored/>
  </testcase> <!-- multipleLoginScenariosTest -->
</testsuite> <!-- Default test -->
