<?xml version="1.0" encoding="UTF-8"?>
<!-- Generated by org.testng.reporters.JUnitXMLReporter -->
<testsuite ignored="5" hostname="LAPTOP-TEN9HRQ0" failures="0" tests="1" name="Default test" time="41.177" errors="0" timestamp="2025-03-07T05:53:06 IST">
  <testcase classname="com.iomovo.dashboardtests.LoginPageTest" name="Login" time="39.565"/>
  <testcase classname="com.iomovo.dashboardtests.LoginPageTest" name="LoginTest" time="0.0">
    <ignored/>
  </testcase> <!-- LoginTest -->
  <testcase classname="com.iomovo.dashboardtests.LoginPageTest" name="verifyAllElementsArePresentInLoginPageTest" time="0.0">
    <ignored/>
  </testcase> <!-- verifyAllElementsArePresentInLoginPageTest -->
  <testcase classname="com.iomovo.dashboardtests.LoginPageTest" name="ioMoVoAppTest" time="0.0">
    <ignored/>
  </testcase> <!-- ioMoVoAppTest -->
  <testcase classname="com.iomovo.dashboardtests.LoginPageTest" name="verifyUserIsRedirectedToIoMoVoPrivacyPolicyPageTest" time="0.0">
    <ignored/>
  </testcase> <!-- verifyUserIsRedirectedToIoMoVoPrivacyPolicyPageTest -->
  <testcase classname="com.iomovo.dashboardtests.LoginPageTest" name="verifyUserIsRedirectedToIoMoVoTermsPageTest" time="0.0">
    <ignored/>
  </testcase> <!-- verifyUserIsRedirectedToIoMoVoTermsPageTest -->
</testsuite> <!-- Default test -->
