<?xml version="1.0" encoding="UTF-8"?>
<!-- Generated by org.testng.reporters.JUnitXMLReporter -->
<testsuite ignored="0" hostname="LAPTOP-TEN9HRQ0" failures="0" tests="5" name="Test" time="222.626" errors="0" timestamp="2025-03-13T06:06:34 IST">
  <testcase classname="com.iomovo.dashboardtests.LoginPageTest" name="loginTest" time="19.503"/>
  <testcase classname="com.iomovo.dashboardtests.LoginPageTest" name="multipleLoginScenariosTest" time="140.462"/>
  <testcase classname="com.iomovo.dashboardtests.LoginPageTest" name="verifyAllElementsArePresentInLoginPageTest" time="19.95"/>
  <testcase classname="com.iomovo.dashboardtests.LoginPageTest" name="verifyPrivacyPolicyPageRedirectionTest" time="16.277"/>
  <testcase classname="com.iomovo.dashboardtests.LoginPageTest" name="verifyTermsPageRedirectionTest" time="16.694"/>
</testsuite> <!-- Test -->
