<?xml version="1.0" encoding="UTF-8"?>
<!-- Generated by org.testng.reporters.JUnitXMLReporter -->
<testsuite ignored="19" hostname="LAPTOP-TEN9HRQ0" failures="2" tests="2" name="SanityTests" time="0.208" errors="0" timestamp="2025-03-22T03:40:00 IST">
  <testcase classname="com.iomovo.dashboardtests.LoginPageTest" name="loginTest" time="0.021">
    <failure type="java.lang.NullPointerException" message="Cannot invoke &amp;quot;com.iomovo.pagespackage.DashboardFunctionality.LoginPage.login_logout()&amp;quot; because &amp;quot;this.loginPage&amp;quot; is null">
      <![CDATA[java.lang.NullPointerException: Cannot invoke "com.iomovo.pagespackage.DashboardFunctionality.LoginPage.login_logout()" because "this.loginPage" is null
at com.iomovo.dashboardtests.LoginPageTest.loginTest(LoginPageTest.java:72)
at java.base/java.util.ArrayList.forEach(ArrayList.java:1596)
at java.base/java.util.concurrent.FutureTask.run(FutureTask.java:317)
at java.base/java.util.concurrent.ThreadPoolExecutor.runWorker(ThreadPoolExecutor.java:1144)
at java.base/java.util.concurrent.ThreadPoolExecutor$Worker.run(ThreadPoolExecutor.java:642)
at java.base/java.lang.Thread.run(Thread.java:1583)
... Removed 15 stack frames]]>
    </failure>
  </testcase> <!-- loginTest -->
  <testcase classname="com.iomovo.dashboardtests.LoginPageTest" name="verifyAllElementsArePresentInLoginPageTest" time="0.002">
    <failure type="java.lang.NullPointerException" message="Cannot invoke &amp;quot;com.iomovo.pagespackage.DashboardFunctionality.LoginPage.verifyAllElementsArePresentInLoginPageTest()&amp;quot; because &amp;quot;this.loginPage&amp;quot; is null">
      <![CDATA[java.lang.NullPointerException: Cannot invoke "com.iomovo.pagespackage.DashboardFunctionality.LoginPage.verifyAllElementsArePresentInLoginPageTest()" because "this.loginPage" is null
at com.iomovo.dashboardtests.LoginPageTest.verifyAllElementsArePresentInLoginPageTest(LoginPageTest.java:62)
at java.base/java.util.ArrayList.forEach(ArrayList.java:1596)
at java.base/java.util.concurrent.FutureTask.run(FutureTask.java:317)
at java.base/java.util.concurrent.ThreadPoolExecutor.runWorker(ThreadPoolExecutor.java:1144)
at java.base/java.util.concurrent.ThreadPoolExecutor$Worker.run(ThreadPoolExecutor.java:642)
at java.base/java.lang.Thread.run(Thread.java:1583)
... Removed 15 stack frames]]>
    </failure>
  </testcase> <!-- verifyAllElementsArePresentInLoginPageTest -->
  <testcase classname="com.iomovo.dashboardtests.LoginPageTest" name="verifyLoginWithCorrectEmailAndPassword" time="0.0">
    <ignored/>
  </testcase> <!-- verifyLoginWithCorrectEmailAndPassword -->
  <testcase classname="com.iomovo.copytests.AwsToOtherDrivesCopyTest" name="verifyCopyFilesFunctionalityFromAWSToAzureDrive" time="0.0">
    <ignored/>
  </testcase> <!-- verifyCopyFilesFunctionalityFromAWSToAzureDrive -->
  <testcase classname="com.iomovo.copytests.AwsToOtherDrivesCopyTest" name="verifyCopyFilesFunctionalityFromAWSToGoogleCloudDrive" time="0.0">
    <ignored/>
  </testcase> <!-- verifyCopyFilesFunctionalityFromAWSToGoogleCloudDrive -->
  <testcase classname="com.iomovo.copytests.AwsToOtherDrivesCopyTest" name="verifyCopyFilesFunctionalityFromAWSToBoxDrive" time="0.0">
    <ignored/>
  </testcase> <!-- verifyCopyFilesFunctionalityFromAWSToBoxDrive -->
  <testcase classname="com.iomovo.copytests.AwsToOtherDrivesCopyTest" name="verifyCopyFilesFunctionalityFromAWSToSharePointDrive" time="0.0">
    <ignored/>
  </testcase> <!-- verifyCopyFilesFunctionalityFromAWSToSharePointDrive -->
  <testcase classname="com.iomovo.copytests.AwsToOtherDrivesCopyTest" name="verifyCopyFilesFunctionalityFromAWSToFTPDrive" time="0.0">
    <ignored/>
  </testcase> <!-- verifyCopyFilesFunctionalityFromAWSToFTPDrive -->
  <testcase classname="com.iomovo.copytests.AwsToOtherDrivesCopyTest" name="verifyCopyFilesFunctionalityFromAWSToGoogleDrive" time="0.0">
    <ignored/>
  </testcase> <!-- verifyCopyFilesFunctionalityFromAWSToGoogleDrive -->
  <testcase classname="com.iomovo.dashboardtests.LoginPageTest" name="verifyLoginWithoutEmailAndPassword" time="0.0">
    <ignored/>
  </testcase> <!-- verifyLoginWithoutEmailAndPassword -->
  <testcase classname="com.iomovo.copytests.AwsToOtherDrivesCopyTest" name="verifyCopyFilesFunctionalityFromAWSToIoCloudDrive" time="0.0">
    <ignored/>
  </testcase> <!-- verifyCopyFilesFunctionalityFromAWSToIoCloudDrive -->
  <testcase classname="com.iomovo.dashboardtests.LoginPageTest" name="verifyLoginWithCorrectEmailAndIncorrectPassword" time="0.0">
    <ignored/>
  </testcase> <!-- verifyLoginWithCorrectEmailAndIncorrectPassword -->
  <testcase classname="com.iomovo.dashboardtests.LoginPageTest" name="verifyTermsPageRedirectionTest" time="0.0">
    <ignored/>
  </testcase> <!-- verifyTermsPageRedirectionTest -->
  <testcase classname="com.iomovo.copytests.AwsToOtherDrivesCopyTest" name="verifyCopyFilesFunctionalityFromAWSToOOSDrive" time="0.0">
    <ignored/>
  </testcase> <!-- verifyCopyFilesFunctionalityFromAWSToOOSDrive -->
  <testcase classname="com.iomovo.copytests.AwsToOtherDrivesCopyTest" name="verifyCopyFilesFunctionalityFromAWSToSFTPDrive" time="0.0">
    <ignored/>
  </testcase> <!-- verifyCopyFilesFunctionalityFromAWSToSFTPDrive -->
  <testcase classname="com.iomovo.copytests.AwsToOtherDrivesCopyTest" name="verifyCopyFilesFunctionalityFromAWSToOneDrive" time="0.0">
    <ignored/>
  </testcase> <!-- verifyCopyFilesFunctionalityFromAWSToOneDrive -->
  <testcase classname="com.iomovo.dashboardtests.LoginPageTest" name="verifyLoginWithIncorrectEmailAndCorrectPassword" time="0.0">
    <ignored/>
  </testcase> <!-- verifyLoginWithIncorrectEmailAndCorrectPassword -->
  <testcase classname="com.iomovo.copytests.AwsToOtherDrivesCopyTest" name="verifyCopyFilesFunctionalityFromAWSToDropBoxDrive" time="0.0">
    <ignored/>
  </testcase> <!-- verifyCopyFilesFunctionalityFromAWSToDropBoxDrive -->
  <testcase classname="com.iomovo.copytests.AwsToOtherDrivesCopyTest" name="verifyCopyFilesFunctionalityFromAWSToAWSDrive" time="0.0">
    <ignored/>
  </testcase> <!-- verifyCopyFilesFunctionalityFromAWSToAWSDrive -->
  <testcase classname="com.iomovo.dashboardtests.LoginPageTest" name="verifyLoginWithIncorrectEmailAndPassword" time="0.0">
    <ignored/>
  </testcase> <!-- verifyLoginWithIncorrectEmailAndPassword -->
  <testcase classname="com.iomovo.dashboardtests.LoginPageTest" name="verifyPrivacyPolicyPageRedirectionTest" time="0.0">
    <ignored/>
  </testcase> <!-- verifyPrivacyPolicyPageRedirectionTest -->
</testsuite> <!-- SanityTests -->
