<?xml version="1.0" encoding="UTF-8"?>
<!-- Generated by org.testng.reporters.JUnitXMLReporter -->
<testsuite ignored="0" hostname="LAPTOP-TEN9HRQ0" failures="0" tests="6" name="Login Tests" time="83.606" errors="0" timestamp="2025-03-06T04:53:04 IST">
  <testcase classname="com.iomovo.dashboardtests.LoginPageTest" name="Login" time="8.507"/>
  <testcase classname="com.iomovo.dashboardtests.LoginPageTest" name="LoginTest" time="13.374"/>
  <testcase classname="com.iomovo.dashboardtests.LoginPageTest" name="ioMoVoAppTest" time="8.129"/>
  <testcase classname="com.iomovo.dashboardtests.LoginPageTest" name="verifyAllElementsArePresentInLoginPageTest" time="19.673"/>
  <testcase classname="com.iomovo.dashboardtests.LoginPageTest" name="verifyUserIsRedirectedToIoMoVoPrivacyPolicyPageTest" time="7.881"/>
  <testcase classname="com.iomovo.dashboardtests.LoginPageTest" name="verifyUserIsRedirectedToIoMoVoTermsPageTest" time="6.964"/>
</testsuite> <!-- Login Tests -->
