<?xml version="1.0" encoding="UTF-8"?>
<!-- Generated by org.testng.reporters.JUnitXMLReporter -->
<testsuite ignored="0" hostname="LAPTOP-TEN9HRQ0" failures="1" tests="6" name="Login Page Tests" time="256.252" errors="0" timestamp="2025-03-06T06:33:41 IST">
  <testcase classname="com.iomovo.dashboardtests.LoginPageTest" name="Login" time="40.113"/>
  <testcase classname="com.iomovo.dashboardtests.LoginPageTest" name="LoginTest" time="45.259"/>
  <testcase classname="com.iomovo.dashboardtests.LoginPageTest" name="ioMoVoAppTest" time="117.97">
    <failure type="java.lang.AssertionError" message="expected [true] but found [false]">
      <![CDATA[java.lang.AssertionError: expected [true] but found [false]
at com.iomovo.pagespackage.DashboardFunctionality.LoginPage.VerifyUserAbleToLoginWithCorrectEmailIDAndWrongPasswordTest(LoginPage.java:404)
at com.iomovo.dashboardtests.LoginPageTest.ioMoVoAppTest(LoginPageTest.java:148)
at java.base/java.util.ArrayList.forEach(ArrayList.java:1596)
... Removed 29 stack frames]]>
    </failure>
  </testcase> <!-- ioMoVoAppTest -->
  <testcase classname="com.iomovo.dashboardtests.LoginPageTest" name="verifyAllElementsArePresentInLoginPageTest" time="15.823"/>
  <testcase classname="com.iomovo.dashboardtests.LoginPageTest" name="verifyUserIsRedirectedToIoMoVoPrivacyPolicyPageTest" time="16.287"/>
  <testcase classname="com.iomovo.dashboardtests.LoginPageTest" name="verifyUserIsRedirectedToIoMoVoTermsPageTest" time="15.131"/>
</testsuite> <!-- Login Page Tests -->
