<?xml version="1.0" encoding="UTF-8"?>
<testng-results ignored="5" total="6" passed="1" failed="0" skipped="0">
  <reporter-output>
  </reporter-output>
  <suite started-at="2025-03-07T05:52:25 IST" name="Default suite" finished-at="2025-03-07T05:53:06 IST" duration-ms="41177">
    <groups>
    </groups>
    <test started-at="2025-03-07T05:52:25 IST" name="Default test" finished-at="2025-03-07T05:53:06 IST" duration-ms="41177">
      <class name="com.iomovo.dashboardtests.LoginPageTest">
        <test-method is-config="true" signature="beforeSuite()[pri:0, instance:com.iomovo.dashboardtests.LoginPageTest@7e9131d5]" started-at="2025-03-07T05:52:25 IST" name="beforeSuite" finished-at="2025-03-07T05:52:25 IST" duration-ms="100" status="PASS">
          <reporter-output>
          </reporter-output>
        </test-method> <!-- beforeSuite -->
        <test-method is-config="true" signature="testSetUp(java.lang.String)[pri:0, instance:com.iomovo.dashboardtests.LoginPageTest@7e9131d5]" started-at="2025-03-07T05:52:25 IST" name="testSetUp" finished-at="2025-03-07T05:52:27 IST" duration-ms="1418" status="PASS">
          <params>
            <param index="0">
              <value>
                <![CDATA[chrome]]>
              </value>
            </param>
          </params>
          <reporter-output>
          </reporter-output>
        </test-method> <!-- testSetUp -->
        <test-method is-config="true" signature="setUp()[pri:0, instance:com.iomovo.dashboardtests.LoginPageTest@7e9131d5]" started-at="2025-03-07T05:52:27 IST" name="setUp" finished-at="2025-03-07T05:52:27 IST" duration-ms="1" status="PASS">
          <reporter-output>
          </reporter-output>
        </test-method> <!-- setUp -->
        <test-method signature="Login()[pri:0, instance:com.iomovo.dashboardtests.LoginPageTest@7e9131d5]" started-at="2025-03-07T05:52:27 IST" name="Login" finished-at="2025-03-07T05:53:06 IST" duration-ms="39565" status="PASS">
          <reporter-output>
          </reporter-output>
        </test-method> <!-- Login -->
        <test-method is-config="true" signature="tearDown(org.testng.ITestResult)[pri:0, instance:com.iomovo.dashboardtests.LoginPageTest@7e9131d5]" started-at="2025-03-07T05:53:06 IST" name="tearDown" finished-at="2025-03-07T05:53:06 IST" duration-ms="170" status="PASS">
          <params>
            <param index="0">
              <value>
                <![CDATA[[TestResult name=Login status=SUCCESS method=LoginPageTest.Login()[pri:0, instance:com.iomovo.dashboardtests.LoginPageTest@7e9131d5] output={null}]]]>
              </value>
            </param>
          </params>
          <reporter-output>
          </reporter-output>
        </test-method> <!-- tearDown -->
      </class> <!-- com.iomovo.dashboardtests.LoginPageTest -->
    </test> <!-- Default test -->
  </suite> <!-- Default suite -->
</testng-results>
