<?xml version="1.0" encoding="UTF-8"?>
<testng-results ignored="2" total="3" passed="1" failed="0" skipped="0">
  <reporter-output>
  </reporter-output>
  <suite started-at="2025-03-13T05:22:18 IST" name="Default suite" finished-at="2025-03-13T05:24:39 IST" duration-ms="140463">
    <groups>
    </groups>
    <test started-at="2025-03-13T05:22:18 IST" name="Default test" finished-at="2025-03-13T05:24:39 IST" duration-ms="140463">
      <class name="com.iomovo.converttests.AWSS3Audio_VideoConvertFunctionalityTest">
        <test-method is-config="true" signature="beforeSuite()[pri:0, instance:com.iomovo.converttests.AWSS3Audio_VideoConvertFunctionalityTest@5a7005d]" started-at="2025-03-13T05:22:18 IST" name="beforeSuite" finished-at="2025-03-13T05:22:18 IST" duration-ms="210" status="PASS">
          <reporter-output>
          </reporter-output>
        </test-method> <!-- beforeSuite -->
        <test-method is-config="true" signature="testSetUp(java.lang.reflect.Method,java.lang.String,java.lang.String)[pri:0, instance:com.iomovo.converttests.AWSS3Audio_VideoConvertFunctionalityTest@5a7005d]" started-at="2025-03-13T05:22:18 IST" name="testSetUp" finished-at="2025-03-13T05:22:20 IST" duration-ms="1811" status="PASS">
          <params>
            <param index="0">
              <value>
                <![CDATA[public void com.iomovo.converttests.AWSS3Audio_VideoConvertFunctionalityTest.verifyAudioConvertFunctionalityInAWSS3() throws java.lang.Exception]]>
              </value>
            </param>
            <param index="1">
              <value>
                <![CDATA[chrome]]>
              </value>
            </param>
            <param index="2">
              <value>
                <![CDATA[windows]]>
              </value>
            </param>
          </params>
          <reporter-output>
          </reporter-output>
        </test-method> <!-- testSetUp -->
        <test-method is-config="true" signature="setUp()[pri:0, instance:com.iomovo.converttests.AWSS3Audio_VideoConvertFunctionalityTest@5a7005d]" started-at="2025-03-13T05:22:20 IST" name="setUp" finished-at="2025-03-13T05:22:39 IST" duration-ms="18620" status="PASS">
          <reporter-output>
          </reporter-output>
        </test-method> <!-- setUp -->
        <test-method signature="verifyAudioConvertFunctionalityInAWSS3()[pri:0, instance:com.iomovo.converttests.AWSS3Audio_VideoConvertFunctionalityTest@5a7005d]" started-at="2025-03-13T05:22:39 IST" name="verifyAudioConvertFunctionalityInAWSS3" finished-at="2025-03-13T05:24:38 IST" duration-ms="119202" status="PASS">
          <reporter-output>
          </reporter-output>
        </test-method> <!-- verifyAudioConvertFunctionalityInAWSS3 -->
        <test-method is-config="true" signature="tearDown(org.testng.ITestResult)[pri:0, instance:com.iomovo.converttests.AWSS3Audio_VideoConvertFunctionalityTest@5a7005d]" started-at="2025-03-13T05:24:38 IST" name="tearDown" finished-at="2025-03-13T05:24:39 IST" duration-ms="785" status="PASS">
          <params>
            <param index="0">
              <value>
                <![CDATA[[TestResult name=verifyAudioConvertFunctionalityInAWSS3 status=SUCCESS method=AWSS3Audio_VideoConvertFunctionalityTest.verifyAudioConvertFunctionalityInAWSS3()[pri:0, instance:com.iomovo.converttests.AWSS3Audio_VideoConvertFunctionalityTest@5a7005d] output={null}]]]>
              </value>
            </param>
          </params>
          <reporter-output>
          </reporter-output>
        </test-method> <!-- tearDown -->
      </class> <!-- com.iomovo.converttests.AWSS3Audio_VideoConvertFunctionalityTest -->
    </test> <!-- Default test -->
  </suite> <!-- Default suite -->
</testng-results>
