<?xml version="1.0" encoding="UTF-8"?>
<!-- Generated by org.testng.reporters.JUnitReportReporter -->
<testsuite hostname="LAPTOP-TEN9HRQ0" failures="0" tests="1" name="com.iomovo.dashboardtests.HomePageRightPanelTest" time="47.074" errors="0" timestamp="2025-03-13T00:11:07 IST" skipped="0">
  <testcase classname="com.iomovo.dashboardtests.HomePageRightPanelTest" name="verifyUserAbleToRedirectToMyFilesFromTheRightPanelIoCloudTest" time="47.074"/>
</testsuite> <!-- com.iomovo.dashboardtests.HomePageRightPanelTest -->
