<?xml version="1.0" encoding="UTF-8"?>
<!-- Generated by org.testng.reporters.JUnitReportReporter -->
<testsuite hostname="LAPTOP-TEN9HRQ0" failures="0" tests="1" name="com.iomovo.ioportaltests.CreateIoPortalFunctionalityTests" time="105.246" errors="1" timestamp="2025-03-13T03:43:47 IST" skipped="0">
  <testcase classname="com.iomovo.ioportaltests.CreateIoPortalFunctionalityTests" name="verifyCreatePortalFunctionality" time="105.246">
    <error message="Portal creation failed." type="java.lang.RuntimeException">
      <![CDATA[java.lang.RuntimeException: Portal creation failed.
at com.iomovo.pagespackage.IoPortalFunctionality.CreateIoPortalFunctionality.verifyCreatePortalFunctionality(CreateIoPortalFunctionality.java:543)
at com.iomovo.ioportaltests.CreateIoPortalFunctionalityTests.verifyCreatePortalFunctionality(CreateIoPortalFunctionalityTests.java:48)
at java.base/jdk.internal.reflect.DirectMethodHandleAccessor.invoke(DirectMethodHandleAccessor.java:103)
at java.base/java.lang.reflect.Method.invoke(Method.java:580)
at org.testng.internal.invokers.MethodInvocationHelper.invokeMethod(MethodInvocationHelper.java:141)
at org.testng.internal.invokers.TestInvoker.invokeMethod(TestInvoker.java:687)
at org.testng.internal.invokers.TestInvoker.invokeTestMethod(TestInvoker.java:230)
at org.testng.internal.invokers.MethodRunner.runInSequence(MethodRunner.java:63)
at org.testng.internal.invokers.TestInvoker$MethodInvocationAgent.invoke(TestInvoker.java:995)
at org.testng.internal.invokers.TestInvoker.invokeTestMethods(TestInvoker.java:203)
at org.testng.internal.invokers.TestMethodWorker.invokeTestMethods(TestMethodWorker.java:154)
at org.testng.internal.invokers.TestMethodWorker.run(TestMethodWorker.java:134)
at java.base/java.util.ArrayList.forEach(ArrayList.java:1596)
at org.testng.TestRunner.privateRun(TestRunner.java:741)
at org.testng.TestRunner.run(TestRunner.java:616)
at org.testng.SuiteRunner.runTest(SuiteRunner.java:421)
at org.testng.SuiteRunner.runSequentially(SuiteRunner.java:413)
at org.testng.SuiteRunner.privateRun(SuiteRunner.java:373)
at org.testng.SuiteRunner.run(SuiteRunner.java:312)
at org.testng.SuiteRunnerWorker.runSuite(SuiteRunnerWorker.java:52)
at org.testng.SuiteRunnerWorker.run(SuiteRunnerWorker.java:95)
at org.testng.TestNG.runSuitesSequentially(TestNG.java:1274)
at org.testng.TestNG.runSuitesLocally(TestNG.java:1208)
at org.testng.TestNG.runSuites(TestNG.java:1112)
at org.testng.TestNG.run(TestNG.java:1079)
at org.testng.remote.AbstractRemoteTestNG.run(AbstractRemoteTestNG.java:115)
at org.testng.remote.RemoteTestNG.initAndRun(RemoteTestNG.java:293)
at org.testng.remote.RemoteTestNG.main(RemoteTestNG.java:91)
Caused by: java.util.NoSuchElementException: Element not found: (//input[@type='checkbox'])[1]
at com.iomovo.basepackage.BaseClass.uiElement(BaseClass.java:736)
at com.iomovo.basepackage.BaseClass.clickWebElement(BaseClass.java:1489)
at com.iomovo.pagespackage.IoPortalFunctionality.CreateIoPortalFunctionality.verifyCreatePortalFunctionality(CreateIoPortalFunctionality.java:446)
... 27 more
]]>
    </error>
  </testcase> <!-- verifyCreatePortalFunctionality -->
</testsuite> <!-- com.iomovo.ioportaltests.CreateIoPortalFunctionalityTests -->
