<?xml version="1.0" encoding="UTF-8"?>
<!-- Generated by org.testng.reporters.JUnitReportReporter -->
<testsuite hostname="LAPTOP-TEN9HRQ0" failures="0" tests="1" name="com.iomovo.converttests.AWSS3Audio_VideoConvertFunctionalityTest" time="140.418" errors="0" timestamp="2025-03-13T05:24:39 IST" skipped="0">
  <testcase classname="com.iomovo.converttests.AWSS3Audio_VideoConvertFunctionalityTest" name="verifyAudioConvertFunctionalityInAWSS3" time="140.418"/>
</testsuite> <!-- com.iomovo.converttests.AWSS3Audio_VideoConvertFunctionalityTest -->
