<?xml version="1.0" encoding="UTF-8"?>
<!-- Generated by org.testng.reporters.JUnitXMLReporter -->
<testsuite ignored="5" hostname="LAPTOP-TEN9HRQ0" failures="1" tests="1" name="EdgeTest" time="21.256" errors="0" timestamp="2025-03-11T02:49:02 IST">
  <testcase classname="com.iomovo.dashboardtests.LoginPageTest" name="Login" time="16.341">
    <failure type="java.lang.AssertionError" message="expected [true] but found [false]">
      <![CDATA[java.lang.AssertionError: expected [true] but found [false]
at com.iomovo.pagespackage.DashboardFunctionality.LoginPage.login(LoginPage.java:283)
at com.iomovo.dashboardtests.LoginPageTest.Login(LoginPageTest.java:71)
at java.base/java.util.ArrayList.forEach(ArrayList.java:1596)
at java.base/java.util.concurrent.FutureTask.run(FutureTask.java:317)
at java.base/java.util.concurrent.ThreadPoolExecutor.runWorker(ThreadPoolExecutor.java:1144)
at java.base/java.util.concurrent.ThreadPoolExecutor$Worker.run(ThreadPoolExecutor.java:642)
at java.base/java.lang.Thread.run(Thread.java:1583)
... Removed 19 stack frames]]>
    </failure>
  </testcase> <!-- Login -->
  <testcase classname="com.iomovo.dashboardtests.LoginPageTest" name="LoginTest" time="0.0">
    <ignored/>
  </testcase> <!-- LoginTest -->
  <testcase classname="com.iomovo.dashboardtests.LoginPageTest" name="ioMoVoAppTest" time="0.0">
    <ignored/>
  </testcase> <!-- ioMoVoAppTest -->
  <testcase classname="com.iomovo.dashboardtests.LoginPageTest" name="verifyAllElementsArePresentInLoginPageTest" time="0.0">
    <ignored/>
  </testcase> <!-- verifyAllElementsArePresentInLoginPageTest -->
  <testcase classname="com.iomovo.dashboardtests.LoginPageTest" name="verifyUserIsRedirectedToIoMoVoTermsPageTest" time="0.0">
    <ignored/>
  </testcase> <!-- verifyUserIsRedirectedToIoMoVoTermsPageTest -->
  <testcase classname="com.iomovo.dashboardtests.LoginPageTest" name="verifyUserIsRedirectedToIoMoVoPrivacyPolicyPageTest" time="0.0">
    <ignored/>
  </testcase> <!-- verifyUserIsRedirectedToIoMoVoPrivacyPolicyPageTest -->
</testsuite> <!-- EdgeTest -->
