<?xml version="1.0" encoding="UTF-8"?>
<!-- Generated by org.testng.reporters.JUnitXMLReporter -->
<testsuite ignored="0" hostname="LAPTOP-TEN9HRQ0" failures="1" tests="1" name="IoPortalTests" time="105.563" errors="0" timestamp="2025-03-21T03:41:48 IST">
  <testcase classname="com.iomovo.ioportaltests.CreateIoPortalFunctionalityTests" name="verifyCreatePortalFunctionality" time="81.677">
    <failure type="java.lang.RuntimeException" message="Portal creation failed.">
      <![CDATA[java.lang.RuntimeException: Portal creation failed.
at com.iomovo.pagespackage.IoPortalFunctionality.CreateIoPortalFunctionality.verifyCreatePortalFunctionality(CreateIoPortalFunctionality.java:543)
at com.iomovo.ioportaltests.CreateIoPortalFunctionalityTests.verifyCreatePortalFunctionality(CreateIoPortalFunctionalityTests.java:48)
at java.base/java.util.ArrayList.forEach(ArrayList.java:1596)
at java.base/java.util.concurrent.FutureTask.run(FutureTask.java:317)
at java.base/java.util.concurrent.ThreadPoolExecutor.runWorker(ThreadPoolExecutor.java:1144)
at java.base/java.util.concurrent.ThreadPoolExecutor$Worker.run(ThreadPoolExecutor.java:642)
at java.base/java.lang.Thread.run(Thread.java:1583)
Caused by: java.util.NoSuchElementException: Element not found: (//input[@type='checkbox'])[1]
at com.iomovo.basepackage.BaseClass.uiElement(BaseClass.java:742)
at com.iomovo.basepackage.BaseClass.clickWebElement(BaseClass.java:1495)
at com.iomovo.pagespackage.IoPortalFunctionality.CreateIoPortalFunctionality.verifyCreatePortalFunctionality(CreateIoPortalFunctionality.java:446)
... 21 more
... Removed 15 stack frames]]>
    </failure>
  </testcase> <!-- verifyCreatePortalFunctionality -->
</testsuite> <!-- IoPortalTests -->
